INFO:  Found the required file in cache!  Carla/Maps/Nav/Town03.bin 
INFO:  Found the required file in cache!  Carla/Maps/TM/Town03.bin 
INFO:  streaming client: connection failed: No connection could be made because the target machine actively refused it 
INFO:  streaming client: connection failed: No connection could be made because the target machine actively refused it 
INFO:  streaming client: connection failed: No connection could be made because the target machine actively refused it 
INFO:  streaming client: connection failed: No connection could be made because the target machine actively refused it 
INFO:  streaming client: connection failed: No connection could be made because the target machine actively refused it 
INFO:  streaming client: connection failed: No connection could be made because the target machine actively refused it 
INFO:  streaming client: connection failed: No connection could be made because the target machine actively refused it 
INFO:  streaming client: connection failed: No connection could be made because the target machine actively refused it 
INFO:  streaming client: connection failed: The I/O operation has been aborted because of either a thread exit or an application request 
INFO:  streaming client: connection failed: No connection could be made because the target machine actively refused it 
INFO:  streaming client: connection failed: No connection could be made because the target machine actively refused it 
INFO:  streaming client: connection failed: No connection could be made because the target machine actively refused it 
INFO:  streaming client: connection failed: No connection could be made because the target machine actively refused it 
INFO:  streaming client: connection failed: No connection could be made because the target machine actively refused it 
INFO:  streaming client: connection failed: No connection could be made because the target machine actively refused it 
INFO:  streaming client: connection failed: No connection could be made because the target machine actively refused it 
INFO:  streaming client: connection failed: No connection could be made because the target machine actively refused it 
INFO:  streaming client: connection failed: No connection could be made because the target machine actively refused it 
INFO:  streaming client: connection failed: No connection could be made because the target machine actively refused it 
INFO:  streaming client: connection failed: No connection could be made because the target machine actively refused it 
INFO:  streaming client: connection failed: No connection could be made because the target machine actively refused it 
INFO:  streaming client: connection failed: No connection could be made because the target machine actively refused it 
INFO:  streaming client: connection failed: No connection could be made because the target machine actively refused it 
INFO:  streaming client: connection failed: No connection could be made because the target machine actively refused it 
INFO:  streaming client: connection failed: No connection could be made because the target machine actively refused it 
INFO:  streaming client: connection failed: No connection could be made because the target machine actively refused it 
INFO:  streaming client: connection failed: No connection could be made because the target machine actively refused it 
INFO:  streaming client: connection failed: No connection could be made because the target machine actively refused it 
INFO:  streaming client: connection failed: No connection could be made because the target machine actively refused it 
INFO:  streaming client: connection failed: No connection could be made because the target machine actively refused it 
INFO:  streaming client: connection failed: No connection could be made because the target machine actively refused it 
INFO:  streaming client: connection failed: No connection could be made because the target machine actively refused it 
INFO:  streaming client: connection failed: No connection could be made because the target machine actively refused it 
INFO:  streaming client: connection failed: No connection could be made because the target machine actively refused it 
INFO:  streaming client: connection failed: No connection could be made because the target machine actively refused it 
INFO:  streaming client: connection failed: No connection could be made because the target machine actively refused it 
INFO:  streaming client: connection failed: No connection could be made because the target machine actively refused it 
INFO:  streaming client: connection failed: No connection could be made because the target machine actively refused it 
INFO:  streaming client: connection failed: No connection could be made because the target machine actively refused it 
INFO:  streaming client: connection failed: No connection could be made because the target machine actively refused it 
INFO:  streaming client: connection failed: No connection could be made because the target machine actively refused it 
INFO:  streaming client: connection failed: No connection could be made because the target machine actively refused it 
INFO:  streaming client: connection failed: No connection could be made because the target machine actively refused it 
INFO:  streaming client: connection failed: No connection could be made because the target machine actively refused it 
INFO:  streaming client: connection failed: No connection could be made because the target machine actively refused it 
INFO:  streaming client: connection failed: No connection could be made because the target machine actively refused it 
INFO:  streaming client: connection failed: No connection could be made because the target machine actively refused it 
INFO:  streaming client: connection failed: No connection could be made because the target machine actively refused it 
INFO:  streaming client: connection failed: No connection could be made because the target machine actively refused it 
INFO:  streaming client: connection failed: No connection could be made because the target machine actively refused it 
INFO:  streaming client: connection failed: No connection could be made because the target machine actively refused it 
INFO:  streaming client: connection failed: No connection could be made because the target machine actively refused it 
INFO:  streaming client: connection failed: No connection could be made because the target machine actively refused it 
INFO:  streaming client: connection failed: No connection could be made because the target machine actively refused it 
INFO:  streaming client: connection failed: No connection could be made because the target machine actively refused it 
INFO:  streaming client: connection failed: No connection could be made because the target machine actively refused it 
INFO:  streaming client: connection failed: No connection could be made because the target machine actively refused it 
INFO:  streaming client: connection failed: No connection could be made because the target machine actively refused it 
INFO:  streaming client: connection failed: No connection could be made because the target machine actively refused it 
INFO:  streaming client: connection failed: No connection could be made because the target machine actively refused it 
INFO:  streaming client: connection failed: No connection could be made because the target machine actively refused it 
INFO:  streaming client: connection failed: No connection could be made because the target machine actively refused it 
INFO:  streaming client: connection failed: No connection could be made because the target machine actively refused it 
INFO:  streaming client: connection failed: No connection could be made because the target machine actively refused it 
INFO:  streaming client: connection failed: No connection could be made because the target machine actively refused it 
INFO:  streaming client: connection failed: No connection could be made because the target machine actively refused it 
INFO:  streaming client: connection failed: No connection could be made because the target machine actively refused it 
INFO:  streaming client: connection failed: No connection could be made because the target machine actively refused it 
INFO:  streaming client: connection failed: No connection could be made because the target machine actively refused it 
INFO:  streaming client: connection failed: No connection could be made because the target machine actively refused it 
INFO:  streaming client: connection failed: No connection could be made because the target machine actively refused it 
INFO:  streaming client: connection failed: No connection could be made because the target machine actively refused it 
INFO:  streaming client: connection failed: No connection could be made because the target machine actively refused it 
INFO:  streaming client: connection failed: No connection could be made because the target machine actively refused it 
INFO:  streaming client: connection failed: No connection could be made because the target machine actively refused it 
INFO:  streaming client: connection failed: No connection could be made because the target machine actively refused it 
INFO:  streaming client: connection failed: No connection could be made because the target machine actively refused it 
INFO:  streaming client: connection failed: No connection could be made because the target machine actively refused it 
INFO:  streaming client: connection failed: No connection could be made because the target machine actively refused it 
INFO:  streaming client: connection failed: No connection could be made because the target machine actively refused it 
INFO:  streaming client: connection failed: No connection could be made because the target machine actively refused it 
INFO:  streaming client: connection failed: No connection could be made because the target machine actively refused it 
INFO:  streaming client: connection failed: No connection could be made because the target machine actively refused it 
INFO:  streaming client: connection failed: No connection could be made because the target machine actively refused it 
INFO:  streaming client: connection failed: No connection could be made because the target machine actively refused it 
INFO:  streaming client: connection failed: No connection could be made because the target machine actively refused it 
INFO:  streaming client: connection failed: No connection could be made because the target machine actively refused it 
INFO:  streaming client: connection failed: No connection could be made because the target machine actively refused it 
INFO:  streaming client: connection failed: No connection could be made because the target machine actively refused it 
INFO:  streaming client: connection failed: No connection could be made because the target machine actively refused it 
INFO:  streaming client: connection failed: No connection could be made because the target machine actively refused it 
INFO:  streaming client: connection failed: No connection could be made because the target machine actively refused it 
INFO:  streaming client: connection failed: No connection could be made because the target machine actively refused it 
INFO:  streaming client: connection failed: No connection could be made because the target machine actively refused it 
INFO:  streaming client: connection failed: No connection could be made because the target machine actively refused it 
INFO:  streaming client: connection failed: No connection could be made because the target machine actively refused it 
INFO:  streaming client: connection failed: No connection could be made because the target machine actively refused it 
INFO:  streaming client: connection failed: No connection could be made because the target machine actively refused it 
INFO:  streaming client: connection failed: No connection could be made because the target machine actively refused it 
INFO:  streaming client: connection failed: No connection could be made because the target machine actively refused it 
INFO:  streaming client: connection failed: No connection could be made because the target machine actively refused it 
INFO:  streaming client: connection failed: No connection could be made because the target machine actively refused it 
INFO:  streaming client: connection failed: No connection could be made because the target machine actively refused it 
INFO:  streaming client: connection failed: No connection could be made because the target machine actively refused it 
INFO:  streaming client: connection failed: No connection could be made because the target machine actively refused it 
INFO:  streaming client: connection failed: No connection could be made because the target machine actively refused it 
INFO:  streaming client: connection failed: No connection could be made because the target machine actively refused it 
INFO:  streaming client: connection failed: No connection could be made because the target machine actively refused it 
INFO:  streaming client: connection failed: No connection could be made because the target machine actively refused it 
INFO:  streaming client: connection failed: No connection could be made because the target machine actively refused it 
INFO:  streaming client: connection failed: No connection could be made because the target machine actively refused it 
INFO:  streaming client: connection failed: No connection could be made because the target machine actively refused it 
INFO:  streaming client: connection failed: No connection could be made because the target machine actively refused it 
INFO:  streaming client: connection failed: No connection could be made because the target machine actively refused it 
INFO:  streaming client: connection failed: No connection could be made because the target machine actively refused it 
INFO:  streaming client: connection failed: No connection could be made because the target machine actively refused it 
INFO:  streaming client: connection failed: No connection could be made because the target machine actively refused it 
INFO:  streaming client: connection failed: No connection could be made because the target machine actively refused it 
INFO:  streaming client: connection failed: No connection could be made because the target machine actively refused it 
INFO:  streaming client: connection failed: No connection could be made because the target machine actively refused it 
INFO:  streaming client: connection failed: No connection could be made because the target machine actively refused it 
INFO:  streaming client: connection failed: No connection could be made because the target machine actively refused it 
INFO:  streaming client: connection failed: No connection could be made because the target machine actively refused it 
INFO:  streaming client: connection failed: No connection could be made because the target machine actively refused it 
INFO:  streaming client: connection failed: No connection could be made because the target machine actively refused it 
INFO:  streaming client: connection failed: No connection could be made because the target machine actively refused it 
INFO:  streaming client: connection failed: No connection could be made because the target machine actively refused it 
INFO:  streaming client: connection failed: No connection could be made because the target machine actively refused it 
INFO:  streaming client: connection failed: No connection could be made because the target machine actively refused it 
INFO:  streaming client: connection failed: No connection could be made because the target machine actively refused it 
INFO:  streaming client: connection failed: No connection could be made because the target machine actively refused it 
INFO:  streaming client: connection failed: No connection could be made because the target machine actively refused it 
INFO:  streaming client: connection failed: No connection could be made because the target machine actively refused it 
INFO:  streaming client: connection failed: No connection could be made because the target machine actively refused it 
INFO:  streaming client: connection failed: No connection could be made because the target machine actively refused it 
INFO:  streaming client: connection failed: No connection could be made because the target machine actively refused it 
INFO:  streaming client: connection failed: No connection could be made because the target machine actively refused it 
INFO:  streaming client: connection failed: No connection could be made because the target machine actively refused it 
INFO:  streaming client: connection failed: No connection could be made because the target machine actively refused it 
INFO:  streaming client: connection failed: No connection could be made because the target machine actively refused it 
INFO:  streaming client: connection failed: No connection could be made because the target machine actively refused it 
INFO:  streaming client: connection failed: No connection could be made because the target machine actively refused it 
INFO:  streaming client: connection failed: No connection could be made because the target machine actively refused it 
INFO:  streaming client: connection failed: No connection could be made because the target machine actively refused it 
INFO:  streaming client: connection failed: No connection could be made because the target machine actively refused it 
INFO:  streaming client: connection failed: No connection could be made because the target machine actively refused it 
INFO:  streaming client: connection failed: No connection could be made because the target machine actively refused it 
INFO:  streaming client: connection failed: No connection could be made because the target machine actively refused it 
INFO:  streaming client: connection failed: No connection could be made because the target machine actively refused it 
INFO:  streaming client: connection failed: No connection could be made because the target machine actively refused it 
INFO:  streaming client: connection failed: No connection could be made because the target machine actively refused it 
INFO:  streaming client: connection failed: No connection could be made because the target machine actively refused it 
INFO:  streaming client: connection failed: No connection could be made because the target machine actively refused it 
INFO:  streaming client: connection failed: No connection could be made because the target machine actively refused it 
INFO:  streaming client: connection failed: No connection could be made because the target machine actively refused it 
INFO:  streaming client: connection failed: No connection could be made because the target machine actively refused it 
INFO:  streaming client: connection failed: No connection could be made because the target machine actively refused it 
INFO:  streaming client: connection failed: No connection could be made because the target machine actively refused it 
INFO:  streaming client: connection failed: No connection could be made because the target machine actively refused it 
INFO:  streaming client: connection failed: No connection could be made because the target machine actively refused it 
INFO:  streaming client: connection failed: No connection could be made because the target machine actively refused it 
INFO:  streaming client: connection failed: No connection could be made because the target machine actively refused it 
INFO:  streaming client: connection failed: No connection could be made because the target machine actively refused it 
INFO:  streaming client: connection failed: No connection could be made because the target machine actively refused it 
INFO:  streaming client: connection failed: No connection could be made because the target machine actively refused it 
INFO:  streaming client: connection failed: No connection could be made because the target machine actively refused it 
INFO:  streaming client: connection failed: No connection could be made because the target machine actively refused it 
INFO:  streaming client: connection failed: No connection could be made because the target machine actively refused it 
INFO:  streaming client: connection failed: No connection could be made because the target machine actively refused it 
INFO:  streaming client: connection failed: No connection could be made because the target machine actively refused it 
INFO:  streaming client: connection failed: No connection could be made because the target machine actively refused it 
INFO:  streaming client: connection failed: No connection could be made because the target machine actively refused it 
INFO:  streaming client: connection failed: No connection could be made because the target machine actively refused it 
INFO:  streaming client: connection failed: No connection could be made because the target machine actively refused it 
INFO:  streaming client: connection failed: No connection could be made because the target machine actively refused it 
INFO:  streaming client: connection failed: No connection could be made because the target machine actively refused it 
INFO:  streaming client: connection failed: No connection could be made because the target machine actively refused it 
INFO:  streaming client: connection failed: No connection could be made because the target machine actively refused it 
INFO:  streaming client: connection failed: No connection could be made because the target machine actively refused it 
INFO:  streaming client: connection failed: No connection could be made because the target machine actively refused it 
INFO:  streaming client: connection failed: No connection could be made because the target machine actively refused it 
INFO:  streaming client: connection failed: No connection could be made because the target machine actively refused it 
INFO:  streaming client: connection failed: No connection could be made because the target machine actively refused it 
INFO:  streaming client: connection failed: No connection could be made because the target machine actively refused it 
INFO:  streaming client: connection failed: No connection could be made because the target machine actively refused it 
INFO:  streaming client: connection failed: No connection could be made because the target machine actively refused it 
INFO:  streaming client: connection failed: No connection could be made because the target machine actively refused it 
INFO:  streaming client: connection failed: No connection could be made because the target machine actively refused it 
INFO:  streaming client: connection failed: No connection could be made because the target machine actively refused it 
INFO:  streaming client: connection failed: No connection could be made because the target machine actively refused it 
INFO:  streaming client: connection failed: No connection could be made because the target machine actively refused it 
INFO:  streaming client: connection failed: No connection could be made because the target machine actively refused it 
INFO:  streaming client: connection failed: No connection could be made because the target machine actively refused it 
INFO:  streaming client: connection failed: No connection could be made because the target machine actively refused it 
INFO:  streaming client: connection failed: No connection could be made because the target machine actively refused it 
INFO:  streaming client: connection failed: No connection could be made because the target machine actively refused it 
INFO:  streaming client: connection failed: No connection could be made because the target machine actively refused it 
INFO:  streaming client: connection failed: No connection could be made because the target machine actively refused it 
INFO:  streaming client: connection failed: No connection could be made because the target machine actively refused it 
INFO:  streaming client: connection failed: No connection could be made because the target machine actively refused it 
INFO:  streaming client: connection failed: No connection could be made because the target machine actively refused it 
INFO:  streaming client: connection failed: No connection could be made because the target machine actively refused it 
INFO:  streaming client: connection failed: No connection could be made because the target machine actively refused it 
INFO:  streaming client: connection failed: No connection could be made because the target machine actively refused it 
INFO:  streaming client: connection failed: No connection could be made because the target machine actively refused it 
INFO:  streaming client: connection failed: No connection could be made because the target machine actively refused it 
INFO:  streaming client: connection failed: No connection could be made because the target machine actively refused it 
INFO:  streaming client: connection failed: No connection could be made because the target machine actively refused it 
INFO:  streaming client: connection failed: No connection could be made because the target machine actively refused it 
INFO:  streaming client: connection failed: No connection could be made because the target machine actively refused it 
INFO:  streaming client: connection failed: No connection could be made because the target machine actively refused it 
INFO:  streaming client: connection failed: No connection could be made because the target machine actively refused it 
INFO:  streaming client: connection failed: No connection could be made because the target machine actively refused it 
INFO:  streaming client: connection failed: No connection could be made because the target machine actively refused it 
INFO:  streaming client: connection failed: No connection could be made because the target machine actively refused it 
INFO:  streaming client: connection failed: No connection could be made because the target machine actively refused it 
INFO:  streaming client: connection failed: No connection could be made because the target machine actively refused it 
INFO:  streaming client: connection failed: No connection could be made because the target machine actively refused it 
INFO:  streaming client: connection failed: No connection could be made because the target machine actively refused it 
INFO:  streaming client: connection failed: No connection could be made because the target machine actively refused it 
INFO:  streaming client: connection failed: No connection could be made because the target machine actively refused it 
INFO:  streaming client: connection failed: No connection could be made because the target machine actively refused it 
INFO:  streaming client: connection failed: No connection could be made because the target machine actively refused it 
INFO:  streaming client: connection failed: No connection could be made because the target machine actively refused it 
INFO:  streaming client: connection failed: No connection could be made because the target machine actively refused it 
INFO:  streaming client: connection failed: No connection could be made because the target machine actively refused it 
INFO:  streaming client: connection failed: No connection could be made because the target machine actively refused it 
INFO:  streaming client: connection failed: No connection could be made because the target machine actively refused it 
INFO:  streaming client: connection failed: No connection could be made because the target machine actively refused it 
INFO:  streaming client: connection failed: No connection could be made because the target machine actively refused it 
INFO:  streaming client: connection failed: No connection could be made because the target machine actively refused it 
INFO:  streaming client: connection failed: No connection could be made because the target machine actively refused it 
INFO:  streaming client: connection failed: No connection could be made because the target machine actively refused it 
INFO:  streaming client: connection failed: No connection could be made because the target machine actively refused it 
INFO:  streaming client: connection failed: No connection could be made because the target machine actively refused it 
INFO:  streaming client: connection failed: No connection could be made because the target machine actively refused it 
INFO:  streaming client: connection failed: No connection could be made because the target machine actively refused it 
INFO:  streaming client: connection failed: No connection could be made because the target machine actively refused it 
INFO:  streaming client: connection failed: No connection could be made because the target machine actively refused it 
INFO:  streaming client: connection failed: No connection could be made because the target machine actively refused it 
INFO:  streaming client: connection failed: No connection could be made because the target machine actively refused it 
INFO:  streaming client: connection failed: No connection could be made because the target machine actively refused it 
INFO:  streaming client: connection failed: No connection could be made because the target machine actively refused it 
INFO:  streaming client: connection failed: No connection could be made because the target machine actively refused it 
INFO:  streaming client: connection failed: No connection could be made because the target machine actively refused it 
INFO:  streaming client: connection failed: No connection could be made because the target machine actively refused it 
INFO:  streaming client: connection failed: No connection could be made because the target machine actively refused it 
INFO:  streaming client: connection failed: No connection could be made because the target machine actively refused it 
INFO:  streaming client: connection failed: No connection could be made because the target machine actively refused it 
INFO:  streaming client: connection failed: No connection could be made because the target machine actively refused it 
INFO:  streaming client: connection failed: No connection could be made because the target machine actively refused it 
INFO:  streaming client: connection failed: No connection could be made because the target machine actively refused it 
INFO:  streaming client: connection failed: No connection could be made because the target machine actively refused it 
INFO:  streaming client: connection failed: No connection could be made because the target machine actively refused it 
INFO:  streaming client: connection failed: No connection could be made because the target machine actively refused it 
INFO:  streaming client: connection failed: No connection could be made because the target machine actively refused it 
INFO:  streaming client: connection failed: No connection could be made because the target machine actively refused it 
INFO:  streaming client: connection failed: No connection could be made because the target machine actively refused it 
INFO:  streaming client: connection failed: No connection could be made because the target machine actively refused it 
INFO:  streaming client: connection failed: No connection could be made because the target machine actively refused it 
INFO:  streaming client: connection failed: No connection could be made because the target machine actively refused it 
INFO:  streaming client: connection failed: No connection could be made because the target machine actively refused it 
INFO:  streaming client: connection failed: No connection could be made because the target machine actively refused it 
INFO:  streaming client: connection failed: No connection could be made because the target machine actively refused it 
INFO:  streaming client: connection failed: No connection could be made because the target machine actively refused it 
INFO:  streaming client: connection failed: No connection could be made because the target machine actively refused it 
INFO:  streaming client: connection failed: No connection could be made because the target machine actively refused it 
INFO:  streaming client: connection failed: No connection could be made because the target machine actively refused it 
INFO:  streaming client: connection failed: No connection could be made because the target machine actively refused it 
INFO:  streaming client: connection failed: No connection could be made because the target machine actively refused it 
INFO:  streaming client: connection failed: No connection could be made because the target machine actively refused it 
INFO:  streaming client: connection failed: No connection could be made because the target machine actively refused it 
INFO:  streaming client: connection failed: No connection could be made because the target machine actively refused it 
INFO:  streaming client: connection failed: No connection could be made because the target machine actively refused it 
INFO:  streaming client: connection failed: No connection could be made because the target machine actively refused it 
INFO:  streaming client: connection failed: No connection could be made because the target machine actively refused it 
INFO:  streaming client: connection failed: No connection could be made because the target machine actively refused it 
INFO:  streaming client: connection failed: No connection could be made because the target machine actively refused it 
INFO:  streaming client: connection failed: No connection could be made because the target machine actively refused it 
INFO:  streaming client: connection failed: No connection could be made because the target machine actively refused it 
INFO:  streaming client: connection failed: No connection could be made because the target machine actively refused it 
INFO:  streaming client: connection failed: No connection could be made because the target machine actively refused it 
INFO:  streaming client: connection failed: No connection could be made because the target machine actively refused it 
INFO:  streaming client: connection failed: No connection could be made because the target machine actively refused it 
INFO:  streaming client: connection failed: No connection could be made because the target machine actively refused it 
INFO:  streaming client: connection failed: No connection could be made because the target machine actively refused it 
INFO:  streaming client: connection failed: No connection could be made because the target machine actively refused it 
INFO:  streaming client: connection failed: No connection could be made because the target machine actively refused it 
INFO:  streaming client: connection failed: No connection could be made because the target machine actively refused it 
INFO:  streaming client: connection failed: No connection could be made because the target machine actively refused it 
INFO:  streaming client: connection failed: No connection could be made because the target machine actively refused it 
INFO:  streaming client: connection failed: No connection could be made because the target machine actively refused it 
INFO:  streaming client: connection failed: No connection could be made because the target machine actively refused it 
INFO:  streaming client: connection failed: No connection could be made because the target machine actively refused it 
INFO:  streaming client: connection failed: No connection could be made because the target machine actively refused it 
INFO:  streaming client: connection failed: No connection could be made because the target machine actively refused it 
INFO:  streaming client: connection failed: No connection could be made because the target machine actively refused it 
INFO:  streaming client: connection failed: No connection could be made because the target machine actively refused it 
INFO:  streaming client: connection failed: No connection could be made because the target machine actively refused it 
INFO:  streaming client: connection failed: No connection could be made because the target machine actively refused it 
INFO:  streaming client: connection failed: No connection could be made because the target machine actively refused it 
INFO:  streaming client: connection failed: No connection could be made because the target machine actively refused it 
INFO:  streaming client: connection failed: No connection could be made because the target machine actively refused it 
INFO:  streaming client: connection failed: No connection could be made because the target machine actively refused it 
INFO:  streaming client: connection failed: No connection could be made because the target machine actively refused it 
INFO:  streaming client: connection failed: No connection could be made because the target machine actively refused it 
INFO:  streaming client: connection failed: No connection could be made because the target machine actively refused it 
INFO:  streaming client: connection failed: No connection could be made because the target machine actively refused it 
INFO:  streaming client: connection failed: No connection could be made because the target machine actively refused it 
INFO:  streaming client: connection failed: No connection could be made because the target machine actively refused it 
INFO:  streaming client: connection failed: No connection could be made because the target machine actively refused it 
INFO:  streaming client: connection failed: No connection could be made because the target machine actively refused it 
INFO:  streaming client: connection failed: No connection could be made because the target machine actively refused it 
INFO:  streaming client: connection failed: No connection could be made because the target machine actively refused it 
INFO:  streaming client: connection failed: No connection could be made because the target machine actively refused it 
INFO:  streaming client: connection failed: No connection could be made because the target machine actively refused it 
INFO:  streaming client: connection failed: No connection could be made because the target machine actively refused it 
INFO:  streaming client: connection failed: No connection could be made because the target machine actively refused it 
INFO:  streaming client: connection failed: No connection could be made because the target machine actively refused it 
INFO:  streaming client: connection failed: No connection could be made because the target machine actively refused it 
INFO:  streaming client: connection failed: No connection could be made because the target machine actively refused it 
INFO:  streaming client: connection failed: No connection could be made because the target machine actively refused it 
INFO:  streaming client: connection failed: No connection could be made because the target machine actively refused it 
INFO:  streaming client: connection failed: No connection could be made because the target machine actively refused it 
INFO:  streaming client: connection failed: No connection could be made because the target machine actively refused it 
INFO:  streaming client: connection failed: No connection could be made because the target machine actively refused it 
INFO:  streaming client: connection failed: No connection could be made because the target machine actively refused it 
INFO:  streaming client: connection failed: No connection could be made because the target machine actively refused it 
INFO:  streaming client: connection failed: No connection could be made because the target machine actively refused it 
INFO:  streaming client: connection failed: No connection could be made because the target machine actively refused it 
INFO:  streaming client: connection failed: No connection could be made because the target machine actively refused it 
INFO:  streaming client: connection failed: No connection could be made because the target machine actively refused it 
INFO:  streaming client: connection failed: No connection could be made because the target machine actively refused it 
INFO:  streaming client: connection failed: No connection could be made because the target machine actively refused it 
INFO:  streaming client: connection failed: No connection could be made because the target machine actively refused it 
INFO:  streaming client: connection failed: No connection could be made because the target machine actively refused it 
INFO:  streaming client: connection failed: No connection could be made because the target machine actively refused it 
INFO:  streaming client: connection failed: No connection could be made because the target machine actively refused it 
INFO:  streaming client: connection failed: No connection could be made because the target machine actively refused it 
INFO:  streaming client: connection failed: No connection could be made because the target machine actively refused it 
INFO:  streaming client: connection failed: No connection could be made because the target machine actively refused it 
INFO:  streaming client: connection failed: No connection could be made because the target machine actively refused it 
INFO:  streaming client: connection failed: No connection could be made because the target machine actively refused it 
INFO:  streaming client: connection failed: No connection could be made because the target machine actively refused it 
INFO:  streaming client: connection failed: No connection could be made because the target machine actively refused it 
INFO:  streaming client: connection failed: No connection could be made because the target machine actively refused it 
INFO:  streaming client: connection failed: No connection could be made because the target machine actively refused it 
INFO:  streaming client: connection failed: No connection could be made because the target machine actively refused it 
INFO:  streaming client: connection failed: No connection could be made because the target machine actively refused it 
INFO:  streaming client: connection failed: No connection could be made because the target machine actively refused it 
INFO:  streaming client: connection failed: No connection could be made because the target machine actively refused it 
INFO:  streaming client: connection failed: No connection could be made because the target machine actively refused it 
INFO:  streaming client: connection failed: No connection could be made because the target machine actively refused it 
INFO:  streaming client: connection failed: No connection could be made because the target machine actively refused it 
INFO:  streaming client: connection failed: No connection could be made because the target machine actively refused it 
INFO:  streaming client: connection failed: No connection could be made because the target machine actively refused it 
INFO:  streaming client: connection failed: No connection could be made because the target machine actively refused it 
INFO:  streaming client: connection failed: No connection could be made because the target machine actively refused it 
INFO:  streaming client: connection failed: No connection could be made because the target machine actively refused it 
INFO:  streaming client: connection failed: No connection could be made because the target machine actively refused it 
INFO:  streaming client: connection failed: No connection could be made because the target machine actively refused it 
INFO:  streaming client: connection failed: No connection could be made because the target machine actively refused it 
INFO:  streaming client: connection failed: No connection could be made because the target machine actively refused it 
INFO:  streaming client: connection failed: No connection could be made because the target machine actively refused it 
INFO:  streaming client: connection failed: No connection could be made because the target machine actively refused it 
INFO:  streaming client: connection failed: No connection could be made because the target machine actively refused it 
INFO:  streaming client: connection failed: No connection could be made because the target machine actively refused it 
INFO:  streaming client: connection failed: No connection could be made because the target machine actively refused it 
INFO:  streaming client: connection failed: No connection could be made because the target machine actively refused it 
INFO:  streaming client: connection failed: No connection could be made because the target machine actively refused it 
INFO:  streaming client: connection failed: No connection could be made because the target machine actively refused it 
INFO:  streaming client: connection failed: No connection could be made because the target machine actively refused it 
INFO:  streaming client: connection failed: No connection could be made because the target machine actively refused it 
INFO:  streaming client: connection failed: No connection could be made because the target machine actively refused it 
INFO:  streaming client: connection failed: No connection could be made because the target machine actively refused it 
INFO:  streaming client: connection failed: No connection could be made because the target machine actively refused it 
INFO:  streaming client: connection failed: No connection could be made because the target machine actively refused it 
INFO:  streaming client: connection failed: No connection could be made because the target machine actively refused it 
INFO:  streaming client: connection failed: No connection could be made because the target machine actively refused it 
INFO:  streaming client: connection failed: No connection could be made because the target machine actively refused it 
INFO:  streaming client: connection failed: No connection could be made because the target machine actively refused it 
INFO:  streaming client: connection failed: No connection could be made because the target machine actively refused it 
INFO:  streaming client: connection failed: No connection could be made because the target machine actively refused it 
INFO:  streaming client: connection failed: No connection could be made because the target machine actively refused it 
INFO:  streaming client: connection failed: No connection could be made because the target machine actively refused it 
INFO:  streaming client: connection failed: No connection could be made because the target machine actively refused it 
INFO:  streaming client: connection failed: No connection could be made because the target machine actively refused it 
INFO:  streaming client: connection failed: No connection could be made because the target machine actively refused it 
INFO:  streaming client: connection failed: No connection could be made because the target machine actively refused it 
INFO:  streaming client: connection failed: No connection could be made because the target machine actively refused it 
INFO:  streaming client: connection failed: No connection could be made because the target machine actively refused it 
INFO:  streaming client: connection failed: No connection could be made because the target machine actively refused it 
INFO:  streaming client: connection failed: No connection could be made because the target machine actively refused it 
INFO:  streaming client: connection failed: No connection could be made because the target machine actively refused it 
INFO:  streaming client: connection failed: No connection could be made because the target machine actively refused it 
INFO:  streaming client: connection failed: No connection could be made because the target machine actively refused it 
INFO:  streaming client: connection failed: No connection could be made because the target machine actively refused it 
INFO:  streaming client: connection failed: No connection could be made because the target machine actively refused it 
INFO:  streaming client: connection failed: No connection could be made because the target machine actively refused it 
INFO:  streaming client: connection failed: No connection could be made because the target machine actively refused it 
INFO:  streaming client: connection failed: No connection could be made because the target machine actively refused it 
INFO:  streaming client: connection failed: No connection could be made because the target machine actively refused it 
INFO:  streaming client: connection failed: No connection could be made because the target machine actively refused it 
INFO:  streaming client: connection failed: No connection could be made because the target machine actively refused it 
INFO:  streaming client: connection failed: No connection could be made because the target machine actively refused it 
INFO:  streaming client: connection failed: No connection could be made because the target machine actively refused it 
INFO:  streaming client: connection failed: No connection could be made because the target machine actively refused it 
INFO:  streaming client: connection failed: No connection could be made because the target machine actively refused it 
INFO:  streaming client: connection failed: No connection could be made because the target machine actively refused it 
INFO:  streaming client: connection failed: No connection could be made because the target machine actively refused it 
INFO:  streaming client: connection failed: No connection could be made because the target machine actively refused it 
INFO:  streaming client: connection failed: No connection could be made because the target machine actively refused it 
INFO:  streaming client: connection failed: No connection could be made because the target machine actively refused it 
INFO:  streaming client: connection failed: No connection could be made because the target machine actively refused it 
INFO:  streaming client: connection failed: No connection could be made because the target machine actively refused it 
INFO:  streaming client: connection failed: No connection could be made because the target machine actively refused it 
INFO:  streaming client: connection failed: No connection could be made because the target machine actively refused it 
INFO:  streaming client: connection failed: No connection could be made because the target machine actively refused it 
INFO:  streaming client: connection failed: No connection could be made because the target machine actively refused it 
INFO:  streaming client: connection failed: No connection could be made because the target machine actively refused it 
INFO:  streaming client: connection failed: No connection could be made because the target machine actively refused it 
INFO:  streaming client: connection failed: No connection could be made because the target machine actively refused it 
INFO:  streaming client: connection failed: No connection could be made because the target machine actively refused it 
INFO:  streaming client: connection failed: No connection could be made because the target machine actively refused it 
INFO:  streaming client: connection failed: No connection could be made because the target machine actively refused it 
INFO:  streaming client: connection failed: No connection could be made because the target machine actively refused it 
INFO:  streaming client: connection failed: No connection could be made because the target machine actively refused it 
INFO:  streaming client: connection failed: No connection could be made because the target machine actively refused it 
INFO:  streaming client: connection failed: No connection could be made because the target machine actively refused it 
INFO:  streaming client: connection failed: No connection could be made because the target machine actively refused it 
INFO:  streaming client: connection failed: No connection could be made because the target machine actively refused it 
INFO:  streaming client: connection failed: No connection could be made because the target machine actively refused it 
INFO:  streaming client: connection failed: No connection could be made because the target machine actively refused it 
INFO:  streaming client: connection failed: No connection could be made because the target machine actively refused it 
INFO:  streaming client: connection failed: No connection could be made because the target machine actively refused it 
INFO:  streaming client: connection failed: No connection could be made because the target machine actively refused it 
INFO:  streaming client: connection failed: No connection could be made because the target machine actively refused it 
INFO:  streaming client: connection failed: No connection could be made because the target machine actively refused it 
INFO:  streaming client: connection failed: No connection could be made because the target machine actively refused it 
INFO:  streaming client: connection failed: No connection could be made because the target machine actively refused it 
INFO:  streaming client: connection failed: No connection could be made because the target machine actively refused it 
INFO:  streaming client: connection failed: No connection could be made because the target machine actively refused it 
INFO:  streaming client: connection failed: No connection could be made because the target machine actively refused it 
INFO:  streaming client: connection failed: No connection could be made because the target machine actively refused it 
INFO:  streaming client: connection failed: No connection could be made because the target machine actively refused it 
INFO:  streaming client: connection failed: No connection could be made because the target machine actively refused it 
INFO:  streaming client: connection failed: No connection could be made because the target machine actively refused it 
INFO:  streaming client: connection failed: No connection could be made because the target machine actively refused it 
INFO:  streaming client: connection failed: No connection could be made because the target machine actively refused it 
INFO:  streaming client: connection failed: No connection could be made because the target machine actively refused it 
INFO:  streaming client: connection failed: No connection could be made because the target machine actively refused it 
INFO:  streaming client: connection failed: No connection could be made because the target machine actively refused it 
INFO:  streaming client: connection failed: No connection could be made because the target machine actively refused it 
INFO:  streaming client: connection failed: No connection could be made because the target machine actively refused it 
INFO:  streaming client: connection failed: No connection could be made because the target machine actively refused it 
INFO:  streaming client: connection failed: No connection could be made because the target machine actively refused it 
INFO:  streaming client: connection failed: No connection could be made because the target machine actively refused it 
INFO:  streaming client: connection failed: No connection could be made because the target machine actively refused it 
INFO:  streaming client: connection failed: No connection could be made because the target machine actively refused it 
INFO:  streaming client: connection failed: No connection could be made because the target machine actively refused it 
INFO:  streaming client: connection failed: No connection could be made because the target machine actively refused it 
INFO:  streaming client: connection failed: No connection could be made because the target machine actively refused it 
INFO:  streaming client: connection failed: No connection could be made because the target machine actively refused it 
INFO:  streaming client: connection failed: No connection could be made because the target machine actively refused it 
INFO:  streaming client: connection failed: No connection could be made because the target machine actively refused it 
INFO:  streaming client: connection failed: No connection could be made because the target machine actively refused it 
INFO:  streaming client: connection failed: No connection could be made because the target machine actively refused it 
INFO:  streaming client: connection failed: No connection could be made because the target machine actively refused it 
INFO:  streaming client: connection failed: No connection could be made because the target machine actively refused it 
INFO:  streaming client: connection failed: No connection could be made because the target machine actively refused it 
INFO:  streaming client: connection failed: No connection could be made because the target machine actively refused it 
INFO:  streaming client: connection failed: No connection could be made because the target machine actively refused it 
INFO:  streaming client: connection failed: No connection could be made because the target machine actively refused it 
INFO:  streaming client: connection failed: No connection could be made because the target machine actively refused it 
INFO:  streaming client: connection failed: No connection could be made because the target machine actively refused it 
INFO:  streaming client: connection failed: No connection could be made because the target machine actively refused it 
INFO:  streaming client: connection failed: No connection could be made because the target machine actively refused it 
INFO:  streaming client: connection failed: No connection could be made because the target machine actively refused it 
INFO:  streaming client: connection failed: No connection could be made because the target machine actively refused it 
INFO:  streaming client: connection failed: No connection could be made because the target machine actively refused it 
INFO:  streaming client: connection failed: No connection could be made because the target machine actively refused it 
INFO:  streaming client: connection failed: No connection could be made because the target machine actively refused it 
INFO:  streaming client: connection failed: No connection could be made because the target machine actively refused it 
INFO:  streaming client: connection failed: No connection could be made because the target machine actively refused it 
INFO:  streaming client: connection failed: No connection could be made because the target machine actively refused it 
INFO:  streaming client: connection failed: No connection could be made because the target machine actively refused it 
INFO:  streaming client: connection failed: No connection could be made because the target machine actively refused it 
INFO:  streaming client: connection failed: No connection could be made because the target machine actively refused it 
INFO:  streaming client: connection failed: No connection could be made because the target machine actively refused it 
INFO:  streaming client: connection failed: No connection could be made because the target machine actively refused it 
INFO:  streaming client: connection failed: No connection could be made because the target machine actively refused it 
INFO:  streaming client: connection failed: No connection could be made because the target machine actively refused it 
INFO:  streaming client: connection failed: No connection could be made because the target machine actively refused it 
INFO:  streaming client: connection failed: No connection could be made because the target machine actively refused it 
INFO:  streaming client: connection failed: No connection could be made because the target machine actively refused it 
INFO:  streaming client: connection failed: No connection could be made because the target machine actively refused it 
INFO:  streaming client: connection failed: No connection could be made because the target machine actively refused it 
INFO:  streaming client: connection failed: No connection could be made because the target machine actively refused it 
INFO:  streaming client: connection failed: No connection could be made because the target machine actively refused it 
INFO:  streaming client: connection failed: No connection could be made because the target machine actively refused it 
INFO:  streaming client: connection failed: No connection could be made because the target machine actively refused it 
INFO:  streaming client: connection failed: No connection could be made because the target machine actively refused it 
INFO:  streaming client: connection failed: No connection could be made because the target machine actively refused it 
INFO:  streaming client: connection failed: No connection could be made because the target machine actively refused it 
INFO:  streaming client: connection failed: No connection could be made because the target machine actively refused it 
INFO:  streaming client: connection failed: No connection could be made because the target machine actively refused it 
INFO:  streaming client: connection failed: No connection could be made because the target machine actively refused it 
INFO:  streaming client: connection failed: No connection could be made because the target machine actively refused it 
INFO:  streaming client: connection failed: No connection could be made because the target machine actively refused it 
INFO:  streaming client: connection failed: No connection could be made because the target machine actively refused it 
INFO:  streaming client: connection failed: No connection could be made because the target machine actively refused it 
INFO:  streaming client: connection failed: No connection could be made because the target machine actively refused it 
INFO:  streaming client: connection failed: No connection could be made because the target machine actively refused it 
INFO:  streaming client: connection failed: No connection could be made because the target machine actively refused it 
INFO:  streaming client: connection failed: No connection could be made because the target machine actively refused it 
INFO:  streaming client: connection failed: No connection could be made because the target machine actively refused it 
INFO:  streaming client: connection failed: No connection could be made because the target machine actively refused it 
INFO:  streaming client: connection failed: No connection could be made because the target machine actively refused it 
INFO:  streaming client: connection failed: No connection could be made because the target machine actively refused it 
INFO:  streaming client: connection failed: No connection could be made because the target machine actively refused it 
INFO:  streaming client: connection failed: No connection could be made because the target machine actively refused it 
INFO:  streaming client: connection failed: No connection could be made because the target machine actively refused it 
INFO:  streaming client: connection failed: No connection could be made because the target machine actively refused it 
INFO:  streaming client: connection failed: No connection could be made because the target machine actively refused it 
INFO:  streaming client: connection failed: No connection could be made because the target machine actively refused it 
INFO:  streaming client: connection failed: No connection could be made because the target machine actively refused it 
INFO:  streaming client: connection failed: No connection could be made because the target machine actively refused it 
INFO:  streaming client: connection failed: No connection could be made because the target machine actively refused it 
INFO:  streaming client: connection failed: No connection could be made because the target machine actively refused it 
INFO:  streaming client: connection failed: No connection could be made because the target machine actively refused it 
INFO:  streaming client: connection failed: No connection could be made because the target machine actively refused it 
INFO:  streaming client: connection failed: No connection could be made because the target machine actively refused it 
INFO:  streaming client: connection failed: No connection could be made because the target machine actively refused it 
INFO:  streaming client: connection failed: No connection could be made because the target machine actively refused it 
INFO:  streaming client: connection failed: No connection could be made because the target machine actively refused it 
INFO:  streaming client: connection failed: No connection could be made because the target machine actively refused it 
INFO:  streaming client: connection failed: No connection could be made because the target machine actively refused it 
INFO:  streaming client: connection failed: No connection could be made because the target machine actively refused it 
INFO:  streaming client: connection failed: No connection could be made because the target machine actively refused it 
INFO:  streaming client: connection failed: No connection could be made because the target machine actively refused it 
INFO:  streaming client: connection failed: No connection could be made because the target machine actively refused it 
INFO:  streaming client: connection failed: No connection could be made because the target machine actively refused it 
INFO:  streaming client: connection failed: No connection could be made because the target machine actively refused it 
INFO:  streaming client: connection failed: No connection could be made because the target machine actively refused it 
INFO:  streaming client: connection failed: No connection could be made because the target machine actively refused it 
INFO:  streaming client: connection failed: No connection could be made because the target machine actively refused it 
INFO:  streaming client: connection failed: No connection could be made because the target machine actively refused it 
INFO:  streaming client: connection failed: No connection could be made because the target machine actively refused it 
INFO:  streaming client: connection failed: No connection could be made because the target machine actively refused it 
INFO:  streaming client: connection failed: No connection could be made because the target machine actively refused it 
INFO:  streaming client: connection failed: No connection could be made because the target machine actively refused it 
INFO:  streaming client: connection failed: No connection could be made because the target machine actively refused it 
INFO:  streaming client: connection failed: No connection could be made because the target machine actively refused it 
INFO:  streaming client: connection failed: No connection could be made because the target machine actively refused it 
INFO:  streaming client: connection failed: No connection could be made because the target machine actively refused it 
INFO:  streaming client: connection failed: No connection could be made because the target machine actively refused it 
INFO:  streaming client: connection failed: No connection could be made because the target machine actively refused it 
INFO:  streaming client: connection failed: No connection could be made because the target machine actively refused it 
INFO:  streaming client: connection failed: No connection could be made because the target machine actively refused it 
INFO:  streaming client: connection failed: No connection could be made because the target machine actively refused it 
INFO:  streaming client: connection failed: No connection could be made because the target machine actively refused it 
INFO:  streaming client: connection failed: No connection could be made because the target machine actively refused it 
INFO:  streaming client: connection failed: No connection could be made because the target machine actively refused it 
INFO:  streaming client: connection failed: No connection could be made because the target machine actively refused it 
INFO:  streaming client: connection failed: No connection could be made because the target machine actively refused it 
INFO:  streaming client: connection failed: No connection could be made because the target machine actively refused it 
INFO:  streaming client: connection failed: No connection could be made because the target machine actively refused it 
INFO:  streaming client: connection failed: No connection could be made because the target machine actively refused it 
INFO:  streaming client: connection failed: No connection could be made because the target machine actively refused it 
INFO:  streaming client: connection failed: No connection could be made because the target machine actively refused it 
INFO:  streaming client: connection failed: No connection could be made because the target machine actively refused it 
INFO:  streaming client: connection failed: No connection could be made because the target machine actively refused it 
INFO:  streaming client: connection failed: No connection could be made because the target machine actively refused it 
INFO:  streaming client: connection failed: No connection could be made because the target machine actively refused it 
INFO:  streaming client: connection failed: No connection could be made because the target machine actively refused it 
INFO:  streaming client: connection failed: No connection could be made because the target machine actively refused it 
INFO:  streaming client: connection failed: No connection could be made because the target machine actively refused it 
INFO:  streaming client: connection failed: No connection could be made because the target machine actively refused it 
INFO:  streaming client: connection failed: No connection could be made because the target machine actively refused it 
INFO:  streaming client: connection failed: No connection could be made because the target machine actively refused it 
INFO:  streaming client: connection failed: No connection could be made because the target machine actively refused it 
INFO:  streaming client: connection failed: No connection could be made because the target machine actively refused it 
INFO:  streaming client: connection failed: No connection could be made because the target machine actively refused it 
INFO:  streaming client: connection failed: No connection could be made because the target machine actively refused it 
INFO:  streaming client: connection failed: No connection could be made because the target machine actively refused it 
INFO:  streaming client: connection failed: No connection could be made because the target machine actively refused it 
INFO:  streaming client: connection failed: No connection could be made because the target machine actively refused it 
INFO:  streaming client: connection failed: No connection could be made because the target machine actively refused it 
INFO:  streaming client: connection failed: No connection could be made because the target machine actively refused it 
INFO:  streaming client: connection failed: No connection could be made because the target machine actively refused it 
INFO:  streaming client: connection failed: No connection could be made because the target machine actively refused it 
INFO:  streaming client: connection failed: No connection could be made because the target machine actively refused it 
INFO:  streaming client: connection failed: No connection could be made because the target machine actively refused it 
INFO:  streaming client: connection failed: No connection could be made because the target machine actively refused it 
INFO:  streaming client: connection failed: No connection could be made because the target machine actively refused it 
INFO:  streaming client: connection failed: No connection could be made because the target machine actively refused it 
INFO:  streaming client: connection failed: No connection could be made because the target machine actively refused it 
INFO:  streaming client: connection failed: No connection could be made because the target machine actively refused it 
INFO:  streaming client: connection failed: No connection could be made because the target machine actively refused it 
INFO:  streaming client: connection failed: No connection could be made because the target machine actively refused it 
INFO:  streaming client: connection failed: No connection could be made because the target machine actively refused it 
INFO:  streaming client: connection failed: No connection could be made because the target machine actively refused it 
INFO:  streaming client: connection failed: No connection could be made because the target machine actively refused it 
INFO:  streaming client: connection failed: No connection could be made because the target machine actively refused it 
INFO:  streaming client: connection failed: No connection could be made because the target machine actively refused it 
INFO:  streaming client: connection failed: No connection could be made because the target machine actively refused it 
INFO:  streaming client: connection failed: No connection could be made because the target machine actively refused it 
INFO:  streaming client: connection failed: No connection could be made because the target machine actively refused it 
INFO:  streaming client: connection failed: No connection could be made because the target machine actively refused it 
INFO:  streaming client: connection failed: No connection could be made because the target machine actively refused it 
INFO:  streaming client: connection failed: No connection could be made because the target machine actively refused it 
INFO:  streaming client: connection failed: No connection could be made because the target machine actively refused it 
INFO:  streaming client: connection failed: No connection could be made because the target machine actively refused it 
INFO:  streaming client: connection failed: No connection could be made because the target machine actively refused it 
INFO:  streaming client: connection failed: No connection could be made because the target machine actively refused it 
INFO:  streaming client: connection failed: No connection could be made because the target machine actively refused it 
INFO:  streaming client: connection failed: No connection could be made because the target machine actively refused it 
INFO:  streaming client: connection failed: No connection could be made because the target machine actively refused it 
INFO:  streaming client: connection failed: No connection could be made because the target machine actively refused it 
INFO:  streaming client: connection failed: No connection could be made because the target machine actively refused it 
INFO:  streaming client: connection failed: No connection could be made because the target machine actively refused it 
INFO:  streaming client: connection failed: No connection could be made because the target machine actively refused it 
INFO:  streaming client: connection failed: No connection could be made because the target machine actively refused it 
INFO:  streaming client: connection failed: No connection could be made because the target machine actively refused it 
INFO:  streaming client: connection failed: No connection could be made because the target machine actively refused it 
INFO:  streaming client: connection failed: No connection could be made because the target machine actively refused it 
INFO:  streaming client: connection failed: No connection could be made because the target machine actively refused it 
INFO:  streaming client: connection failed: No connection could be made because the target machine actively refused it 
INFO:  streaming client: connection failed: No connection could be made because the target machine actively refused it 
INFO:  streaming client: connection failed: No connection could be made because the target machine actively refused it 
INFO:  streaming client: connection failed: No connection could be made because the target machine actively refused it 
INFO:  streaming client: connection failed: No connection could be made because the target machine actively refused it 
INFO:  streaming client: connection failed: No connection could be made because the target machine actively refused it 
INFO:  streaming client: connection failed: No connection could be made because the target machine actively refused it 
INFO:  streaming client: connection failed: No connection could be made because the target machine actively refused it 
INFO:  streaming client: connection failed: No connection could be made because the target machine actively refused it 
INFO:  streaming client: connection failed: No connection could be made because the target machine actively refused it 
INFO:  streaming client: connection failed: No connection could be made because the target machine actively refused it 
INFO:  streaming client: connection failed: No connection could be made because the target machine actively refused it 
INFO:  streaming client: connection failed: No connection could be made because the target machine actively refused it 
INFO:  streaming client: connection failed: No connection could be made because the target machine actively refused it 
INFO:  streaming client: connection failed: No connection could be made because the target machine actively refused it 
INFO:  streaming client: connection failed: No connection could be made because the target machine actively refused it 
INFO:  streaming client: connection failed: No connection could be made because the target machine actively refused it 
INFO:  streaming client: connection failed: No connection could be made because the target machine actively refused it 
INFO:  streaming client: connection failed: No connection could be made because the target machine actively refused it 
INFO:  streaming client: connection failed: No connection could be made because the target machine actively refused it 
INFO:  streaming client: connection failed: No connection could be made because the target machine actively refused it 
INFO:  streaming client: connection failed: No connection could be made because the target machine actively refused it 
INFO:  streaming client: connection failed: No connection could be made because the target machine actively refused it 
INFO:  streaming client: connection failed: No connection could be made because the target machine actively refused it 
INFO:  streaming client: connection failed: No connection could be made because the target machine actively refused it 
INFO:  streaming client: connection failed: No connection could be made because the target machine actively refused it 
INFO:  streaming client: connection failed: No connection could be made because the target machine actively refused it 
INFO:  streaming client: connection failed: No connection could be made because the target machine actively refused it 
INFO:  streaming client: connection failed: No connection could be made because the target machine actively refused it 
INFO:  streaming client: connection failed: No connection could be made because the target machine actively refused it 
INFO:  streaming client: connection failed: No connection could be made because the target machine actively refused it 
INFO:  streaming client: connection failed: No connection could be made because the target machine actively refused it 
INFO:  streaming client: connection failed: No connection could be made because the target machine actively refused it 
INFO:  streaming client: connection failed: No connection could be made because the target machine actively refused it 
INFO:  streaming client: connection failed: No connection could be made because the target machine actively refused it 
INFO:  streaming client: connection failed: No connection could be made because the target machine actively refused it 
INFO:  streaming client: connection failed: No connection could be made because the target machine actively refused it 
INFO:  streaming client: connection failed: No connection could be made because the target machine actively refused it 
INFO:  streaming client: connection failed: No connection could be made because the target machine actively refused it 
INFO:  streaming client: connection failed: No connection could be made because the target machine actively refused it 
INFO:  streaming client: connection failed: No connection could be made because the target machine actively refused it 
INFO:  streaming client: connection failed: No connection could be made because the target machine actively refused it 
INFO:  streaming client: connection failed: No connection could be made because the target machine actively refused it 
INFO:  streaming client: connection failed: No connection could be made because the target machine actively refused it 
INFO:  streaming client: connection failed: No connection could be made because the target machine actively refused it 
INFO:  streaming client: connection failed: No connection could be made because the target machine actively refused it 
INFO:  streaming client: connection failed: No connection could be made because the target machine actively refused it 
INFO:  streaming client: connection failed: No connection could be made because the target machine actively refused it 
INFO:  streaming client: connection failed: No connection could be made because the target machine actively refused it 
INFO:  streaming client: connection failed: No connection could be made because the target machine actively refused it 
INFO:  streaming client: connection failed: No connection could be made because the target machine actively refused it 
INFO:  streaming client: connection failed: No connection could be made because the target machine actively refused it 
INFO:  streaming client: connection failed: No connection could be made because the target machine actively refused it 
INFO:  streaming client: connection failed: No connection could be made because the target machine actively refused it 
INFO:  streaming client: connection failed: No connection could be made because the target machine actively refused it 
INFO:  streaming client: connection failed: No connection could be made because the target machine actively refused it 
INFO:  streaming client: connection failed: No connection could be made because the target machine actively refused it 
INFO:  streaming client: connection failed: No connection could be made because the target machine actively refused it 
INFO:  streaming client: connection failed: No connection could be made because the target machine actively refused it 
INFO:  streaming client: connection failed: No connection could be made because the target machine actively refused it 
INFO:  streaming client: connection failed: No connection could be made because the target machine actively refused it 
INFO:  streaming client: connection failed: No connection could be made because the target machine actively refused it 
INFO:  streaming client: connection failed: No connection could be made because the target machine actively refused it 
INFO:  streaming client: connection failed: No connection could be made because the target machine actively refused it 
INFO:  streaming client: connection failed: No connection could be made because the target machine actively refused it 
INFO:  streaming client: connection failed: No connection could be made because the target machine actively refused it 
INFO:  streaming client: connection failed: No connection could be made because the target machine actively refused it 
INFO:  streaming client: connection failed: No connection could be made because the target machine actively refused it 
INFO:  streaming client: connection failed: No connection could be made because the target machine actively refused it 
INFO:  streaming client: connection failed: No connection could be made because the target machine actively refused it 
INFO:  streaming client: connection failed: No connection could be made because the target machine actively refused it 
INFO:  streaming client: connection failed: No connection could be made because the target machine actively refused it 
INFO:  streaming client: connection failed: No connection could be made because the target machine actively refused it 
INFO:  streaming client: connection failed: No connection could be made because the target machine actively refused it 
INFO:  streaming client: connection failed: No connection could be made because the target machine actively refused it 
INFO:  streaming client: connection failed: No connection could be made because the target machine actively refused it 
INFO:  streaming client: connection failed: No connection could be made because the target machine actively refused it 
INFO:  streaming client: connection failed: No connection could be made because the target machine actively refused it 
INFO:  streaming client: connection failed: No connection could be made because the target machine actively refused it 
INFO:  streaming client: connection failed: No connection could be made because the target machine actively refused it 
INFO:  streaming client: connection failed: No connection could be made because the target machine actively refused it 
INFO:  streaming client: connection failed: No connection could be made because the target machine actively refused it 
INFO:  streaming client: connection failed: No connection could be made because the target machine actively refused it 
INFO:  streaming client: connection failed: No connection could be made because the target machine actively refused it 
INFO:  streaming client: connection failed: No connection could be made because the target machine actively refused it 
INFO:  streaming client: connection failed: No connection could be made because the target machine actively refused it 
INFO:  streaming client: connection failed: No connection could be made because the target machine actively refused it 
INFO:  streaming client: connection failed: No connection could be made because the target machine actively refused it 
INFO:  streaming client: connection failed: No connection could be made because the target machine actively refused it 
INFO:  streaming client: connection failed: No connection could be made because the target machine actively refused it 
INFO:  streaming client: connection failed: No connection could be made because the target machine actively refused it 
INFO:  streaming client: connection failed: No connection could be made because the target machine actively refused it 
INFO:  streaming client: connection failed: No connection could be made because the target machine actively refused it 
INFO:  streaming client: connection failed: No connection could be made because the target machine actively refused it 
INFO:  streaming client: connection failed: No connection could be made because the target machine actively refused it 
INFO:  streaming client: connection failed: No connection could be made because the target machine actively refused it 
INFO:  streaming client: connection failed: No connection could be made because the target machine actively refused it 
INFO:  streaming client: connection failed: No connection could be made because the target machine actively refused it 
INFO:  streaming client: connection failed: No connection could be made because the target machine actively refused it 
INFO:  streaming client: connection failed: No connection could be made because the target machine actively refused it 
INFO:  streaming client: connection failed: No connection could be made because the target machine actively refused it 
INFO:  streaming client: connection failed: No connection could be made because the target machine actively refused it 
INFO:  streaming client: connection failed: No connection could be made because the target machine actively refused it 
INFO:  streaming client: connection failed: No connection could be made because the target machine actively refused it 
INFO:  streaming client: connection failed: No connection could be made because the target machine actively refused it 
INFO:  streaming client: connection failed: No connection could be made because the target machine actively refused it 

=======================================================
  Traffic Intelligence System — 4-Phase DQN
  Mode:  TRAINING
  YOLO:  yolov8n.pt
=======================================================

Connected to CARLA.
Loading YOLO model: yolov8n.pt
YOLO disabled (using ground-truth counts).
  No saved weights at data/dqn_weights_int1.json — starting fresh.
  No saved weights at data/dqn_weights_int2.json — starting fresh.
  No saved weights at data/dqn_weights_int3.json — starting fresh.
DQN agents ready (training mode).
  Int 1: (240.9, 66.8)
  Int 2: (11.6, -190.7)
  Int 3: (-137.5, -5.2)
  Ground sensors for Int 1: N/S/E/W arms
  Ground sensors for Int 2: N/S/E/W arms
  Ground sensors for Int 3: N/S/E/W arms
Spawned 213 vehicles.
Cameras attached. Warming up...
  Frames: [15, 15, 14]

System running. Press Ctrl+C to stop.

  [Emergency] Int 3: OVERRIDE - forcing GREEN, RL paused
  [Emergency] Int 3: Cleared - entering RECOVERY (1800 ticks)

Tick 500 | t=12182s
  Int 1: YOLO=20 conf=0.95 Mode=NORMAL     Wait=4.09s Q(N0 S7 E2 W11) Phase=NS_St[Y]
  Int 2: YOLO=20 conf=0.95 Mode=NORMAL     Wait=8.04s Q(N10 S1 E8 W1) Phase=NS_Lt[Y]
  Int 3: YOLO=29 conf=0.95 Mode=RECOVERY   Wait=5.20s Q(N17 S0 E10 W2) Phase=NS_St[G]

[Int 1]   Episode    1 | Reward:   185.43 | Avg10:   185.43 | Eps: 0.803 | Loss: 0.2650

[Int 2]   Episode    1 | Reward:  -120.60 | Avg10:  -120.60 | Eps: 0.803 | Loss: 0.2280

[Int 3]   Episode    1 | Reward:   253.56 | Avg10:   253.56 | Eps: 0.803 | Loss: 0.4856

Tick 1000 | t=12207s
  Int 1: YOLO=41 conf=0.95 Mode=NORMAL     Wait=8.06s Q(N1 S8 E13 W19) Phase=NS_Lt[G]
  Int 2: YOLO=42 conf=0.95 Mode=NORMAL     Wait=10.04s Q(N16 S6 E15 W5) Phase=NS_St[G]
  Int 3: YOLO=46 conf=0.95 Mode=NORMAL     Wait=10.11s Q(N26 S2 E14 W4) Phase=EW_Lt[Y]

[Int 1]   Episode    2 | Reward:  -549.92 | Avg10:  -182.25 | Eps: 0.625 | Loss: 0.3550

[Int 2]   Episode    2 | Reward:  -565.13 | Avg10:  -342.87 | Eps: 0.625 | Loss: 0.2661

[Int 3]   Episode    2 | Reward:  -677.60 | Avg10:  -212.02 | Eps: 0.625 | Loss: 0.4536

Tick 1500 | t=12232s
  Int 1: YOLO=42 conf=0.95 Mode=NORMAL     Wait=8.95s Q(N0 S11 E10 W21) Phase=NS_Lt[G]
  Int 2: YOLO=46 conf=0.95 Mode=NORMAL     Wait=11.64s Q(N20 S4 E20 W2) Phase=EW_St[G]
  Int 3: YOLO=46 conf=0.95 Mode=NORMAL     Wait=13.34s Q(N28 S1 E13 W4) Phase=EW_Lt[G]

[Int 1]   Episode    3 | Reward:  -554.16 | Avg10:  -306.22 | Eps: 0.487 | Loss: 0.3790

[Int 2]   Episode    3 | Reward:  -734.91 | Avg10:  -473.55 | Eps: 0.487 | Loss: 0.3492

[Int 3]   Episode    3 | Reward:  -948.55 | Avg10:  -457.53 | Eps: 0.487 | Loss: 0.6023
INFO:  streaming client: connection failed: No connection could be made because the target machine actively refused it 
INFO:  streaming client: connection failed: No connection could be made because the target machine actively refused it 
INFO:  streaming client: connection failed: No connection could be made because the target machine actively refused it 
INFO:  streaming client: connection failed: No connection could be made because the target machine actively refused it 

