ERROR: failed to destroy actor 2432 : time-out of 10000ms while waiting for the simulator, make sure the simulator is ready and connected to localhost:2000 
ERROR: failed to destroy actor 2433 : time-out of 10000ms while waiting for the simulator, make sure the simulator is ready and connected to localhost:2000 
ERROR: failed to destroy actor 2434 : time-out of 10000ms while waiting for the simulator, make sure the simulator is ready and connected to localhost:2000 
ERROR: failed to destroy actor 2219 : time-out of 10000ms while waiting for the simulator, make sure the simulator is ready and connected to localhost:2000 
ERROR: failed to destroy actor 2220 : time-out of 10000ms while waiting for the simulator, make sure the simulator is ready and connected to localhost:2000 
ERROR: failed to destroy actor 2221 : time-out of 10000ms while waiting for the simulator, make sure the simulator is ready and connected to localhost:2000 
ERROR: failed to destroy actor 2222 : time-out of 10000ms while waiting for the simulator, make sure the simulator is ready and connected to localhost:2000 
ERROR: failed to destroy actor 2223 : time-out of 10000ms while waiting for the simulator, make sure the simulator is ready and connected to localhost:2000 
ERROR: failed to destroy actor 2224 : time-out of 10000ms while waiting for the simulator, make sure the simulator is ready and connected to localhost:2000 
ERROR: failed to destroy actor 2225 : time-out of 10000ms while waiting for the simulator, make sure the simulator is ready and connected to localhost:2000 
ERROR: failed to destroy actor 2226 : time-out of 10000ms while waiting for the simulator, make sure the simulator is ready and connected to localhost:2000 
ERROR: failed to destroy actor 2227 : time-out of 10000ms while waiting for the simulator, make sure the simulator is ready and connected to localhost:2000 
ERROR: failed to destroy actor 2228 : time-out of 10000ms while waiting for the simulator, make sure the simulator is ready and connected to localhost:2000 
ERROR: failed to destroy actor 2229 : time-out of 10000ms while waiting for the simulator, make sure the simulator is ready and connected to localhost:2000 
ERROR: failed to destroy actor 2230 : time-out of 10000ms while waiting for the simulator, make sure the simulator is ready and connected to localhost:2000 
ERROR: failed to destroy actor 2231 : time-out of 10000ms while waiting for the simulator, make sure the simulator is ready and connected to localhost:2000 
ERROR: failed to destroy actor 2232 : time-out of 10000ms while waiting for the simulator, make sure the simulator is ready and connected to localhost:2000 
ERROR: failed to destroy actor 2233 : time-out of 10000ms while waiting for the simulator, make sure the simulator is ready and connected to localhost:2000 
ERROR: failed to destroy actor 2234 : time-out of 10000ms while waiting for the simulator, make sure the simulator is ready and connected to localhost:2000 
ERROR: failed to destroy actor 2235 : time-out of 10000ms while waiting for the simulator, make sure the simulator is ready and connected to localhost:2000 
ERROR: failed to destroy actor 2236 : time-out of 10000ms while waiting for the simulator, make sure the simulator is ready and connected to localhost:2000 
ERROR: failed to destroy actor 2237 : time-out of 10000ms while waiting for the simulator, make sure the simulator is ready and connected to localhost:2000 
ERROR: failed to destroy actor 2238 : time-out of 10000ms while waiting for the simulator, make sure the simulator is ready and connected to localhost:2000 
ERROR: failed to destroy actor 2239 : time-out of 10000ms while waiting for the simulator, make sure the simulator is ready and connected to localhost:2000 
ERROR: failed to destroy actor 2240 : time-out of 10000ms while waiting for the simulator, make sure the simulator is ready and connected to localhost:2000 
ERROR: failed to destroy actor 2241 : time-out of 10000ms while waiting for the simulator, make sure the simulator is ready and connected to localhost:2000 
ERROR: failed to destroy actor 2242 : time-out of 10000ms while waiting for the simulator, make sure the simulator is ready and connected to localhost:2000 
ERROR: failed to destroy actor 2243 : time-out of 10000ms while waiting for the simulator, make sure the simulator is ready and connected to localhost:2000 
ERROR: failed to destroy actor 2244 : time-out of 10000ms while waiting for the simulator, make sure the simulator is ready and connected to localhost:2000 
ERROR: failed to destroy actor 2245 : time-out of 10000ms while waiting for the simulator, make sure the simulator is ready and connected to localhost:2000 
ERROR: failed to destroy actor 2246 : time-out of 10000ms while waiting for the simulator, make sure the simulator is ready and connected to localhost:2000 
ERROR: failed to destroy actor 2247 : time-out of 10000ms while waiting for the simulator, make sure the simulator is ready and connected to localhost:2000 
ERROR: failed to destroy actor 2248 : time-out of 10000ms while waiting for the simulator, make sure the simulator is ready and connected to localhost:2000 
ERROR: failed to destroy actor 2249 : time-out of 10000ms while waiting for the simulator, make sure the simulator is ready and connected to localhost:2000 
ERROR: failed to destroy actor 2250 : time-out of 10000ms while waiting for the simulator, make sure the simulator is ready and connected to localhost:2000 
ERROR: failed to destroy actor 2251 : time-out of 10000ms while waiting for the simulator, make sure the simulator is ready and connected to localhost:2000 
ERROR: failed to destroy actor 2252 : time-out of 10000ms while waiting for the simulator, make sure the simulator is ready and connected to localhost:2000 
ERROR: failed to destroy actor 2253 : time-out of 10000ms while waiting for the simulator, make sure the simulator is ready and connected to localhost:2000 
ERROR: failed to destroy actor 2254 : time-out of 10000ms while waiting for the simulator, make sure the simulator is ready and connected to localhost:2000 
ERROR: failed to destroy actor 2255 : time-out of 10000ms while waiting for the simulator, make sure the simulator is ready and connected to localhost:2000 
ERROR: failed to destroy actor 2256 : time-out of 10000ms while waiting for the simulator, make sure the simulator is ready and connected to localhost:2000 
ERROR: failed to destroy actor 2258 : time-out of 10000ms while waiting for the simulator, make sure the simulator is ready and connected to localhost:2000 
ERROR: failed to destroy actor 2259 : time-out of 10000ms while waiting for the simulator, make sure the simulator is ready and connected to localhost:2000 
ERROR: failed to destroy actor 2260 : time-out of 10000ms while waiting for the simulator, make sure the simulator is ready and connected to localhost:2000 
ERROR: failed to destroy actor 2261 : time-out of 10000ms while waiting for the simulator, make sure the simulator is ready and connected to localhost:2000 
ERROR: failed to destroy actor 2262 : time-out of 10000ms while waiting for the simulator, make sure the simulator is ready and connected to localhost:2000 
ERROR: failed to destroy actor 2263 : time-out of 10000ms while waiting for the simulator, make sure the simulator is ready and connected to localhost:2000 
ERROR: failed to destroy actor 2264 : time-out of 10000ms while waiting for the simulator, make sure the simulator is ready and connected to localhost:2000 
ERROR: failed to destroy actor 2265 : time-out of 10000ms while waiting for the simulator, make sure the simulator is ready and connected to localhost:2000 
ERROR: failed to destroy actor 2266 : time-out of 10000ms while waiting for the simulator, make sure the simulator is ready and connected to localhost:2000 
ERROR: failed to destroy actor 2267 : time-out of 10000ms while waiting for the simulator, make sure the simulator is ready and connected to localhost:2000 
ERROR: failed to destroy actor 2268 : time-out of 10000ms while waiting for the simulator, make sure the simulator is ready and connected to localhost:2000 
ERROR: failed to destroy actor 2269 : time-out of 10000ms while waiting for the simulator, make sure the simulator is ready and connected to localhost:2000 
ERROR: failed to destroy actor 2270 : time-out of 10000ms while waiting for the simulator, make sure the simulator is ready and connected to localhost:2000 
ERROR: failed to destroy actor 2271 : time-out of 10000ms while waiting for the simulator, make sure the simulator is ready and connected to localhost:2000 
ERROR: failed to destroy actor 2272 : time-out of 10000ms while waiting for the simulator, make sure the simulator is ready and connected to localhost:2000 
ERROR: failed to destroy actor 2273 : time-out of 10000ms while waiting for the simulator, make sure the simulator is ready and connected to localhost:2000 
ERROR: failed to destroy actor 2274 : time-out of 10000ms while waiting for the simulator, make sure the simulator is ready and connected to localhost:2000 
ERROR: failed to destroy actor 2275 : time-out of 10000ms while waiting for the simulator, make sure the simulator is ready and connected to localhost:2000 
ERROR: failed to destroy actor 2276 : time-out of 10000ms while waiting for the simulator, make sure the simulator is ready and connected to localhost:2000 
ERROR: failed to destroy actor 2277 : time-out of 10000ms while waiting for the simulator, make sure the simulator is ready and connected to localhost:2000 
ERROR: failed to destroy actor 2278 : time-out of 10000ms while waiting for the simulator, make sure the simulator is ready and connected to localhost:2000 
ERROR: failed to destroy actor 2279 : time-out of 10000ms while waiting for the simulator, make sure the simulator is ready and connected to localhost:2000 
ERROR: failed to destroy actor 2280 : time-out of 10000ms while waiting for the simulator, make sure the simulator is ready and connected to localhost:2000 
ERROR: failed to destroy actor 2281 : time-out of 10000ms while waiting for the simulator, make sure the simulator is ready and connected to localhost:2000 
ERROR: failed to destroy actor 2282 : time-out of 10000ms while waiting for the simulator, make sure the simulator is ready and connected to localhost:2000 
ERROR: failed to destroy actor 2283 : time-out of 10000ms while waiting for the simulator, make sure the simulator is ready and connected to localhost:2000 
ERROR: failed to destroy actor 2284 : time-out of 10000ms while waiting for the simulator, make sure the simulator is ready and connected to localhost:2000 
ERROR: failed to destroy actor 2285 : time-out of 10000ms while waiting for the simulator, make sure the simulator is ready and connected to localhost:2000 
ERROR: failed to destroy actor 2286 : time-out of 10000ms while waiting for the simulator, make sure the simulator is ready and connected to localhost:2000 
ERROR: failed to destroy actor 2287 : time-out of 10000ms while waiting for the simulator, make sure the simulator is ready and connected to localhost:2000 
ERROR: failed to destroy actor 2288 : time-out of 10000ms while waiting for the simulator, make sure the simulator is ready and connected to localhost:2000 
ERROR: failed to destroy actor 2289 : time-out of 10000ms while waiting for the simulator, make sure the simulator is ready and connected to localhost:2000 
ERROR: failed to destroy actor 2290 : time-out of 10000ms while waiting for the simulator, make sure the simulator is ready and connected to localhost:2000 
ERROR: failed to destroy actor 2291 : time-out of 10000ms while waiting for the simulator, make sure the simulator is ready and connected to localhost:2000 
ERROR: failed to destroy actor 2292 : time-out of 10000ms while waiting for the simulator, make sure the simulator is ready and connected to localhost:2000 
ERROR: failed to destroy actor 2293 : time-out of 10000ms while waiting for the simulator, make sure the simulator is ready and connected to localhost:2000 
ERROR: failed to destroy actor 2294 : time-out of 10000ms while waiting for the simulator, make sure the simulator is ready and connected to localhost:2000 
ERROR: failed to destroy actor 2295 : time-out of 10000ms while waiting for the simulator, make sure the simulator is ready and connected to localhost:2000 
ERROR: failed to destroy actor 2296 : time-out of 10000ms while waiting for the simulator, make sure the simulator is ready and connected to localhost:2000 
ERROR: failed to destroy actor 2297 : time-out of 10000ms while waiting for the simulator, make sure the simulator is ready and connected to localhost:2000 
ERROR: failed to destroy actor 2298 : time-out of 10000ms while waiting for the simulator, make sure the simulator is ready and connected to localhost:2000 
ERROR: failed to destroy actor 2299 : time-out of 10000ms while waiting for the simulator, make sure the simulator is ready and connected to localhost:2000 
ERROR: failed to destroy actor 2300 : time-out of 10000ms while waiting for the simulator, make sure the simulator is ready and connected to localhost:2000 
ERROR: failed to destroy actor 2301 : time-out of 10000ms while waiting for the simulator, make sure the simulator is ready and connected to localhost:2000 
ERROR: failed to destroy actor 2302 : time-out of 10000ms while waiting for the simulator, make sure the simulator is ready and connected to localhost:2000 
ERROR: failed to destroy actor 2303 : time-out of 10000ms while waiting for the simulator, make sure the simulator is ready and connected to localhost:2000 
ERROR: failed to destroy actor 2304 : time-out of 10000ms while waiting for the simulator, make sure the simulator is ready and connected to localhost:2000 
ERROR: failed to destroy actor 2305 : time-out of 10000ms while waiting for the simulator, make sure the simulator is ready and connected to localhost:2000 
ERROR: failed to destroy actor 2306 : time-out of 10000ms while waiting for the simulator, make sure the simulator is ready and connected to localhost:2000 
ERROR: failed to destroy actor 2307 : time-out of 10000ms while waiting for the simulator, make sure the simulator is ready and connected to localhost:2000 
ERROR: failed to destroy actor 2308 : time-out of 10000ms while waiting for the simulator, make sure the simulator is ready and connected to localhost:2000 
ERROR: failed to destroy actor 2309 : time-out of 10000ms while waiting for the simulator, make sure the simulator is ready and connected to localhost:2000 
ERROR: failed to destroy actor 2310 : time-out of 10000ms while waiting for the simulator, make sure the simulator is ready and connected to localhost:2000 
ERROR: failed to destroy actor 2311 : time-out of 10000ms while waiting for the simulator, make sure the simulator is ready and connected to localhost:2000 
ERROR: failed to destroy actor 2312 : time-out of 10000ms while waiting for the simulator, make sure the simulator is ready and connected to localhost:2000 
ERROR: failed to destroy actor 2313 : time-out of 10000ms while waiting for the simulator, make sure the simulator is ready and connected to localhost:2000 
ERROR: failed to destroy actor 2314 : time-out of 10000ms while waiting for the simulator, make sure the simulator is ready and connected to localhost:2000 
ERROR: failed to destroy actor 2315 : time-out of 10000ms while waiting for the simulator, make sure the simulator is ready and connected to localhost:2000 
ERROR: failed to destroy actor 2316 : time-out of 10000ms while waiting for the simulator, make sure the simulator is ready and connected to localhost:2000 
ERROR: failed to destroy actor 2317 : time-out of 10000ms while waiting for the simulator, make sure the simulator is ready and connected to localhost:2000 
ERROR: failed to destroy actor 2318 : time-out of 10000ms while waiting for the simulator, make sure the simulator is ready and connected to localhost:2000 
ERROR: failed to destroy actor 2319 : time-out of 10000ms while waiting for the simulator, make sure the simulator is ready and connected to localhost:2000 
ERROR: failed to destroy actor 2320 : time-out of 10000ms while waiting for the simulator, make sure the simulator is ready and connected to localhost:2000 
ERROR: failed to destroy actor 2321 : time-out of 10000ms while waiting for the simulator, make sure the simulator is ready and connected to localhost:2000 
ERROR: failed to destroy actor 2322 : time-out of 10000ms while waiting for the simulator, make sure the simulator is ready and connected to localhost:2000 
ERROR: failed to destroy actor 2323 : time-out of 10000ms while waiting for the simulator, make sure the simulator is ready and connected to localhost:2000 
ERROR: failed to destroy actor 2324 : time-out of 10000ms while waiting for the simulator, make sure the simulator is ready and connected to localhost:2000 
ERROR: failed to destroy actor 2325 : time-out of 10000ms while waiting for the simulator, make sure the simulator is ready and connected to localhost:2000 
ERROR: failed to destroy actor 2326 : time-out of 10000ms while waiting for the simulator, make sure the simulator is ready and connected to localhost:2000 
ERROR: failed to destroy actor 2327 : time-out of 10000ms while waiting for the simulator, make sure the simulator is ready and connected to localhost:2000 
ERROR: failed to destroy actor 2328 : time-out of 10000ms while waiting for the simulator, make sure the simulator is ready and connected to localhost:2000 
ERROR: failed to destroy actor 2329 : time-out of 10000ms while waiting for the simulator, make sure the simulator is ready and connected to localhost:2000 
ERROR: failed to destroy actor 2330 : time-out of 10000ms while waiting for the simulator, make sure the simulator is ready and connected to localhost:2000 
ERROR: failed to destroy actor 2331 : time-out of 10000ms while waiting for the simulator, make sure the simulator is ready and connected to localhost:2000 
ERROR: failed to destroy actor 2332 : time-out of 10000ms while waiting for the simulator, make sure the simulator is ready and connected to localhost:2000 
ERROR: failed to destroy actor 2333 : time-out of 10000ms while waiting for the simulator, make sure the simulator is ready and connected to localhost:2000 
ERROR: failed to destroy actor 2334 : time-out of 10000ms while waiting for the simulator, make sure the simulator is ready and connected to localhost:2000 
ERROR: failed to destroy actor 2335 : time-out of 10000ms while waiting for the simulator, make sure the simulator is ready and connected to localhost:2000 
ERROR: failed to destroy actor 2336 : time-out of 10000ms while waiting for the simulator, make sure the simulator is ready and connected to localhost:2000 
ERROR: failed to destroy actor 2337 : time-out of 10000ms while waiting for the simulator, make sure the simulator is ready and connected to localhost:2000 
ERROR: failed to destroy actor 2338 : time-out of 10000ms while waiting for the simulator, make sure the simulator is ready and connected to localhost:2000 
ERROR: failed to destroy actor 2339 : time-out of 10000ms while waiting for the simulator, make sure the simulator is ready and connected to localhost:2000 
ERROR: failed to destroy actor 2340 : time-out of 10000ms while waiting for the simulator, make sure the simulator is ready and connected to localhost:2000 
ERROR: failed to destroy actor 2341 : time-out of 10000ms while waiting for the simulator, make sure the simulator is ready and connected to localhost:2000 
ERROR: failed to destroy actor 2342 : time-out of 10000ms while waiting for the simulator, make sure the simulator is ready and connected to localhost:2000 
ERROR: failed to destroy actor 2343 : time-out of 10000ms while waiting for the simulator, make sure the simulator is ready and connected to localhost:2000 
ERROR: failed to destroy actor 2344 : time-out of 10000ms while waiting for the simulator, make sure the simulator is ready and connected to localhost:2000 
ERROR: failed to destroy actor 2345 : time-out of 10000ms while waiting for the simulator, make sure the simulator is ready and connected to localhost:2000 
ERROR: failed to destroy actor 2346 : time-out of 10000ms while waiting for the simulator, make sure the simulator is ready and connected to localhost:2000 
ERROR: failed to destroy actor 2347 : time-out of 10000ms while waiting for the simulator, make sure the simulator is ready and connected to localhost:2000 
ERROR: failed to destroy actor 2348 : time-out of 10000ms while waiting for the simulator, make sure the simulator is ready and connected to localhost:2000 
ERROR: failed to destroy actor 2349 : time-out of 10000ms while waiting for the simulator, make sure the simulator is ready and connected to localhost:2000 
ERROR: failed to destroy actor 2350 : time-out of 10000ms while waiting for the simulator, make sure the simulator is ready and connected to localhost:2000 
ERROR: failed to destroy actor 2351 : time-out of 10000ms while waiting for the simulator, make sure the simulator is ready and connected to localhost:2000 
ERROR: failed to destroy actor 2352 : time-out of 10000ms while waiting for the simulator, make sure the simulator is ready and connected to localhost:2000 
ERROR: failed to destroy actor 2353 : time-out of 10000ms while waiting for the simulator, make sure the simulator is ready and connected to localhost:2000 
ERROR: failed to destroy actor 2354 : time-out of 10000ms while waiting for the simulator, make sure the simulator is ready and connected to localhost:2000 
ERROR: failed to destroy actor 2355 : time-out of 10000ms while waiting for the simulator, make sure the simulator is ready and connected to localhost:2000 
ERROR: failed to destroy actor 2356 : time-out of 10000ms while waiting for the simulator, make sure the simulator is ready and connected to localhost:2000 
ERROR: failed to destroy actor 2357 : time-out of 10000ms while waiting for the simulator, make sure the simulator is ready and connected to localhost:2000 
ERROR: failed to destroy actor 2358 : time-out of 10000ms while waiting for the simulator, make sure the simulator is ready and connected to localhost:2000 
ERROR: failed to destroy actor 2359 : time-out of 10000ms while waiting for the simulator, make sure the simulator is ready and connected to localhost:2000 
ERROR: failed to destroy actor 2360 : time-out of 10000ms while waiting for the simulator, make sure the simulator is ready and connected to localhost:2000 
ERROR: failed to destroy actor 2361 : time-out of 10000ms while waiting for the simulator, make sure the simulator is ready and connected to localhost:2000 
ERROR: failed to destroy actor 2362 : time-out of 10000ms while waiting for the simulator, make sure the simulator is ready and connected to localhost:2000 
ERROR: failed to destroy actor 2363 : time-out of 10000ms while waiting for the simulator, make sure the simulator is ready and connected to localhost:2000 
ERROR: failed to destroy actor 2364 : time-out of 10000ms while waiting for the simulator, make sure the simulator is ready and connected to localhost:2000 
ERROR: failed to destroy actor 2365 : time-out of 10000ms while waiting for the simulator, make sure the simulator is ready and connected to localhost:2000 
ERROR: failed to destroy actor 2366 : time-out of 10000ms while waiting for the simulator, make sure the simulator is ready and connected to localhost:2000 
ERROR: failed to destroy actor 2367 : time-out of 10000ms while waiting for the simulator, make sure the simulator is ready and connected to localhost:2000 
ERROR: failed to destroy actor 2368 : time-out of 10000ms while waiting for the simulator, make sure the simulator is ready and connected to localhost:2000 
ERROR: failed to destroy actor 2369 : time-out of 10000ms while waiting for the simulator, make sure the simulator is ready and connected to localhost:2000 
ERROR: failed to destroy actor 2370 : time-out of 10000ms while waiting for the simulator, make sure the simulator is ready and connected to localhost:2000 
ERROR: failed to destroy actor 2371 : time-out of 10000ms while waiting for the simulator, make sure the simulator is ready and connected to localhost:2000 
ERROR: failed to destroy actor 2372 : time-out of 10000ms while waiting for the simulator, make sure the simulator is ready and connected to localhost:2000 
ERROR: failed to destroy actor 2373 : time-out of 10000ms while waiting for the simulator, make sure the simulator is ready and connected to localhost:2000 
ERROR: failed to destroy actor 2374 : time-out of 10000ms while waiting for the simulator, make sure the simulator is ready and connected to localhost:2000 
ERROR: failed to destroy actor 2375 : time-out of 10000ms while waiting for the simulator, make sure the simulator is ready and connected to localhost:2000 
ERROR: failed to destroy actor 2376 : time-out of 10000ms while waiting for the simulator, make sure the simulator is ready and connected to localhost:2000 
ERROR: failed to destroy actor 2377 : time-out of 10000ms while waiting for the simulator, make sure the simulator is ready and connected to localhost:2000 
ERROR: failed to destroy actor 2378 : time-out of 10000ms while waiting for the simulator, make sure the simulator is ready and connected to localhost:2000 
ERROR: failed to destroy actor 2379 : time-out of 10000ms while waiting for the simulator, make sure the simulator is ready and connected to localhost:2000 
ERROR: failed to destroy actor 2380 : time-out of 10000ms while waiting for the simulator, make sure the simulator is ready and connected to localhost:2000 
ERROR: failed to destroy actor 2381 : time-out of 10000ms while waiting for the simulator, make sure the simulator is ready and connected to localhost:2000 
ERROR: failed to destroy actor 2382 : time-out of 10000ms while waiting for the simulator, make sure the simulator is ready and connected to localhost:2000 
ERROR: failed to destroy actor 2383 : time-out of 10000ms while waiting for the simulator, make sure the simulator is ready and connected to localhost:2000 
ERROR: failed to destroy actor 2384 : time-out of 10000ms while waiting for the simulator, make sure the simulator is ready and connected to localhost:2000 
ERROR: failed to destroy actor 2385 : time-out of 10000ms while waiting for the simulator, make sure the simulator is ready and connected to localhost:2000 
ERROR: failed to destroy actor 2386 : time-out of 10000ms while waiting for the simulator, make sure the simulator is ready and connected to localhost:2000 
ERROR: failed to destroy actor 2387 : time-out of 10000ms while waiting for the simulator, make sure the simulator is ready and connected to localhost:2000 
ERROR: failed to destroy actor 2388 : time-out of 10000ms while waiting for the simulator, make sure the simulator is ready and connected to localhost:2000 
ERROR: failed to destroy actor 2389 : time-out of 10000ms while waiting for the simulator, make sure the simulator is ready and connected to localhost:2000 
ERROR: failed to destroy actor 2390 : time-out of 10000ms while waiting for the simulator, make sure the simulator is ready and connected to localhost:2000 
ERROR: failed to destroy actor 2391 : time-out of 10000ms while waiting for the simulator, make sure the simulator is ready and connected to localhost:2000 
ERROR: failed to destroy actor 2392 : time-out of 10000ms while waiting for the simulator, make sure the simulator is ready and connected to localhost:2000 
ERROR: failed to destroy actor 2393 : time-out of 10000ms while waiting for the simulator, make sure the simulator is ready and connected to localhost:2000 
ERROR: failed to destroy actor 2394 : time-out of 10000ms while waiting for the simulator, make sure the simulator is ready and connected to localhost:2000 
ERROR: failed to destroy actor 2395 : time-out of 10000ms while waiting for the simulator, make sure the simulator is ready and connected to localhost:2000 
ERROR: failed to destroy actor 2396 : time-out of 10000ms while waiting for the simulator, make sure the simulator is ready and connected to localhost:2000 
ERROR: failed to destroy actor 2397 : time-out of 10000ms while waiting for the simulator, make sure the simulator is ready and connected to localhost:2000 
ERROR: failed to destroy actor 2398 : time-out of 10000ms while waiting for the simulator, make sure the simulator is ready and connected to localhost:2000 
ERROR: failed to destroy actor 2399 : time-out of 10000ms while waiting for the simulator, make sure the simulator is ready and connected to localhost:2000 
ERROR: failed to destroy actor 2400 : time-out of 10000ms while waiting for the simulator, make sure the simulator is ready and connected to localhost:2000 
ERROR: failed to destroy actor 2401 : time-out of 10000ms while waiting for the simulator, make sure the simulator is ready and connected to localhost:2000 
ERROR: failed to destroy actor 2402 : time-out of 10000ms while waiting for the simulator, make sure the simulator is ready and connected to localhost:2000 
ERROR: failed to destroy actor 2403 : time-out of 10000ms while waiting for the simulator, make sure the simulator is ready and connected to localhost:2000 
ERROR: failed to destroy actor 2404 : time-out of 10000ms while waiting for the simulator, make sure the simulator is ready and connected to localhost:2000 
ERROR: failed to destroy actor 2405 : time-out of 10000ms while waiting for the simulator, make sure the simulator is ready and connected to localhost:2000 
ERROR: failed to destroy actor 2406 : time-out of 10000ms while waiting for the simulator, make sure the simulator is ready and connected to localhost:2000 
ERROR: failed to destroy actor 2407 : time-out of 10000ms while waiting for the simulator, make sure the simulator is ready and connected to localhost:2000 
ERROR: failed to destroy actor 2408 : time-out of 10000ms while waiting for the simulator, make sure the simulator is ready and connected to localhost:2000 
ERROR: failed to destroy actor 2409 : time-out of 10000ms while waiting for the simulator, make sure the simulator is ready and connected to localhost:2000 
ERROR: failed to destroy actor 2410 : time-out of 10000ms while waiting for the simulator, make sure the simulator is ready and connected to localhost:2000 
ERROR: failed to destroy actor 2411 : time-out of 10000ms while waiting for the simulator, make sure the simulator is ready and connected to localhost:2000 
ERROR: failed to destroy actor 2412 : time-out of 10000ms while waiting for the simulator, make sure the simulator is ready and connected to localhost:2000 
ERROR: failed to destroy actor 2413 : time-out of 10000ms while waiting for the simulator, make sure the simulator is ready and connected to localhost:2000 
ERROR: failed to destroy actor 2414 : time-out of 10000ms while waiting for the simulator, make sure the simulator is ready and connected to localhost:2000 
ERROR: failed to destroy actor 2415 : time-out of 10000ms while waiting for the simulator, make sure the simulator is ready and connected to localhost:2000 
ERROR: failed to destroy actor 2416 : time-out of 10000ms while waiting for the simulator, make sure the simulator is ready and connected to localhost:2000 
ERROR: failed to destroy actor 2417 : time-out of 10000ms while waiting for the simulator, make sure the simulator is ready and connected to localhost:2000 
ERROR: failed to destroy actor 2418 : time-out of 10000ms while waiting for the simulator, make sure the simulator is ready and connected to localhost:2000 
ERROR: failed to destroy actor 2419 : time-out of 10000ms while waiting for the simulator, make sure the simulator is ready and connected to localhost:2000 
ERROR: failed to destroy actor 2420 : time-out of 10000ms while waiting for the simulator, make sure the simulator is ready and connected to localhost:2000 
ERROR: failed to destroy actor 2421 : time-out of 10000ms while waiting for the simulator, make sure the simulator is ready and connected to localhost:2000 
ERROR: failed to destroy actor 2422 : time-out of 10000ms while waiting for the simulator, make sure the simulator is ready and connected to localhost:2000 
ERROR: failed to destroy actor 2423 : time-out of 10000ms while waiting for the simulator, make sure the simulator is ready and connected to localhost:2000 
ERROR: failed to destroy actor 2424 : time-out of 10000ms while waiting for the simulator, make sure the simulator is ready and connected to localhost:2000 
ERROR: failed to destroy actor 2425 : time-out of 10000ms while waiting for the simulator, make sure the simulator is ready and connected to localhost:2000 
ERROR: failed to destroy actor 2426 : time-out of 10000ms while waiting for the simulator, make sure the simulator is ready and connected to localhost:2000 
ERROR: failed to destroy actor 2427 : time-out of 10000ms while waiting for the simulator, make sure the simulator is ready and connected to localhost:2000 
ERROR: failed to destroy actor 2428 : time-out of 10000ms while waiting for the simulator, make sure the simulator is ready and connected to localhost:2000 
ERROR: failed to destroy actor 2429 : time-out of 10000ms while waiting for the simulator, make sure the simulator is ready and connected to localhost:2000 
ERROR: failed to destroy actor 2430 : time-out of 10000ms while waiting for the simulator, make sure the simulator is ready and connected to localhost:2000 
ERROR: failed to destroy actor 2431 : time-out of 10000ms while waiting for the simulator, make sure the simulator is ready and connected to localhost:2000 
ERROR: failed to destroy actor 2791 : time-out of 10000ms while waiting for the simulator, make sure the simulator is ready and connected to localhost:2000 
Traceback (most recent call last):
  File "C:\CARLA\Traffic_project\main.py", line 548, in <module>
    world.tick()
RuntimeError: time-out of 10000ms while waiting for the simulator, make sure the simulator is ready and connected to localhost:2000

During handling of the above exception, another exception occurred:

Traceback (most recent call last):
  File "C:\CARLA\Traffic_project\main.py", line 885, in <module>
    world.apply_settings(settings)
RuntimeError: time-out of 10000ms while waiting for the simulator, make sure the simulator is ready and connected to localhost:2000

ERROR conda.cli.main_run:execute(125): `conda run python main.py --train --no-yolo` failed. (See above for error)
